<?xml version="1.0" encoding="UTF-8"?>
<testng-results ignored="0" total="3" passed="3" failed="0" skipped="0">
  <reporter-output>
  </reporter-output>
  <suite started-at="2022-10-11T16:36:15 IST" name="Default suite" finished-at="2022-10-11T16:36:15 IST" duration-ms="37">
    <groups>
    </groups>
    <test started-at="2022-10-11T16:36:15 IST" name="Default test" finished-at="2022-10-11T16:36:15 IST" duration-ms="37">
      <class name="TestNgExamples.TS_DataProvider">
        <test-method signature="f(java.lang.Integer,java.lang.String)[pri:0, instance:TestNgExamples.TS_DataProvider@543588e6]" started-at="2022-10-11T16:36:15 IST" name="f" data-provider="dp" finished-at="2022-10-11T16:36:15 IST" duration-ms="15" status="PASS">
          <params>
            <param index="0">
              <value>
                <![CDATA[1]]>
              </value>
            </param>
            <param index="1">
              <value>
                <![CDATA[anil]]>
              </value>
            </param>
          </params>
          <reporter-output>
          </reporter-output>
        </test-method> <!-- f -->
        <test-method signature="f(java.lang.Integer,java.lang.String)[pri:0, instance:TestNgExamples.TS_DataProvider@543588e6]" started-at="2022-10-11T16:36:15 IST" name="f" data-provider="dp" finished-at="2022-10-11T16:36:15 IST" duration-ms="0" status="PASS">
          <params>
            <param index="0">
              <value>
                <![CDATA[2]]>
              </value>
            </param>
            <param index="1">
              <value>
                <![CDATA[boss]]>
              </value>
            </param>
          </params>
          <reporter-output>
          </reporter-output>
        </test-method> <!-- f -->
        <test-method signature="f(java.lang.Integer,java.lang.String)[pri:0, instance:TestNgExamples.TS_DataProvider@543588e6]" started-at="2022-10-11T16:36:15 IST" name="f" data-provider="dp" finished-at="2022-10-11T16:36:15 IST" duration-ms="0" status="PASS">
          <params>
            <param index="0">
              <value>
                <![CDATA[3]]>
              </value>
            </param>
            <param index="1">
              <value>
                <![CDATA[cherry]]>
              </value>
            </param>
          </params>
          <reporter-output>
          </reporter-output>
        </test-method> <!-- f -->
      </class> <!-- TestNgExamples.TS_DataProvider -->
    </test> <!-- Default test -->
  </suite> <!-- Default suite -->
</testng-results>
