<?xml version="1.0" encoding="UTF-8"?>
<!-- Generated by org.testng.reporters.JUnitXMLReporter -->
<testsuite ignored="0" hostname="VSP-3GPYCL3" failures="0" tests="3" name="Default test" time="13.197" errors="0" timestamp="2022-11-01T17:12:53 IST">
  <testcase classname="database.connection.NewTest" name="f" time="0.669"/>
  <testcase classname="database.connection.NewTest" name="f" time="0.212"/>
  <testcase classname="database.connection.NewTest" name="f" time="0.139"/>
</testsuite> <!-- Default test -->
