<?xml version="1.0" encoding="UTF-8"?>
<testng-results ignored="0" total="2" passed="2" failed="0" skipped="0">
  <reporter-output>
  </reporter-output>
  <suite started-at="2022-11-09T10:57:51 IST" name="Suite" finished-at="2022-11-09T10:58:01 IST" duration-ms="10565">
    <groups>
    </groups>
    <test started-at="2022-11-09T10:57:51 IST" name="Test" finished-at="2022-11-09T10:58:01 IST" duration-ms="10565">
      <class name="mainscript.Testparaalel">
        <test-method signature="f2()[pri:0, instance:mainscript.Testparaalel@2b91004a]" started-at="2022-11-09T10:57:51 IST" name="f2" finished-at="2022-11-09T10:58:01 IST" duration-ms="9798" status="PASS">
          <reporter-output>
          </reporter-output>
        </test-method> <!-- f2 -->
        <test-method signature="f1()[pri:0, instance:mainscript.Testparaalel@2b91004a]" started-at="2022-11-09T10:57:51 IST" name="f1" finished-at="2022-11-09T10:58:01 IST" duration-ms="10518" status="PASS">
          <reporter-output>
          </reporter-output>
        </test-method> <!-- f1 -->
      </class> <!-- mainscript.Testparaalel -->
    </test> <!-- Test -->
  </suite> <!-- Suite -->
</testng-results>
