<?xml version="1.0" encoding="UTF-8"?>
<testng-results ignored="0" total="3" passed="3" failed="0" skipped="0">
  <reporter-output>
  </reporter-output>
  <suite started-at="2022-11-01T17:12:40 IST" name="Default suite" finished-at="2022-11-01T17:12:53 IST" duration-ms="13197">
    <groups>
    </groups>
    <test started-at="2022-11-01T17:12:40 IST" name="Default test" finished-at="2022-11-01T17:12:53 IST" duration-ms="13197">
      <class name="database.connection.NewTest">
        <test-method is-config="true" signature="beforeTest()[pri:0, instance:database.connection.NewTest@25641d39]" started-at="2022-11-01T17:12:40 IST" name="beforeTest" finished-at="2022-11-01T17:12:48 IST" duration-ms="8400" status="PASS">
          <reporter-output>
          </reporter-output>
        </test-method> <!-- beforeTest -->
        <test-method signature="f(java.lang.Integer,java.lang.String,java.lang.String)[pri:1, instance:database.connection.NewTest@25641d39]" started-at="2022-11-01T17:12:48 IST" name="f" data-provider="dp" finished-at="2022-11-01T17:12:49 IST" duration-ms="669" status="PASS">
          <params>
            <param index="0">
              <value>
                <![CDATA[1]]>
              </value>
            </param>
            <param index="1">
              <value>
                <![CDATA[admin]]>
              </value>
            </param>
            <param index="2">
              <value>
                <![CDATA[admin123]]>
              </value>
            </param>
          </params>
          <reporter-output>
          </reporter-output>
        </test-method> <!-- f -->
        <test-method is-config="true" signature="beforemethod()[pri:0, instance:database.connection.NewTest@25641d39]" started-at="2022-11-01T17:12:49 IST" name="beforemethod" finished-at="2022-11-01T17:12:49 IST" duration-ms="22" status="PASS">
          <reporter-output>
          </reporter-output>
        </test-method> <!-- beforemethod -->
        <test-method signature="f(java.lang.Integer,java.lang.String,java.lang.String)[pri:1, instance:database.connection.NewTest@25641d39]" started-at="2022-11-01T17:12:49 IST" name="f" data-provider="dp" finished-at="2022-11-01T17:12:49 IST" duration-ms="212" status="PASS">
          <params>
            <param index="0">
              <value>
                <![CDATA[2]]>
              </value>
            </param>
            <param index="1">
              <value>
                <![CDATA[ADMIN]]>
              </value>
            </param>
            <param index="2">
              <value>
                <![CDATA[FFf]]>
              </value>
            </param>
          </params>
          <reporter-output>
          </reporter-output>
        </test-method> <!-- f -->
        <test-method is-config="true" signature="beforemethod()[pri:0, instance:database.connection.NewTest@25641d39]" started-at="2022-11-01T17:12:49 IST" name="beforemethod" finished-at="2022-11-01T17:12:50 IST" duration-ms="829" status="PASS">
          <reporter-output>
          </reporter-output>
        </test-method> <!-- beforemethod -->
        <test-method signature="f(java.lang.Integer,java.lang.String,java.lang.String)[pri:1, instance:database.connection.NewTest@25641d39]" started-at="2022-11-01T17:12:50 IST" name="f" data-provider="dp" finished-at="2022-11-01T17:12:50 IST" duration-ms="139" status="PASS">
          <params>
            <param index="0">
              <value>
                <![CDATA[3]]>
              </value>
            </param>
            <param index="1">
              <value>
                <![CDATA[ADMIN1]]>
              </value>
            </param>
            <param index="2">
              <value>
                <![CDATA[FFf]]>
              </value>
            </param>
          </params>
          <reporter-output>
          </reporter-output>
        </test-method> <!-- f -->
        <test-method is-config="true" signature="beforemethod()[pri:0, instance:database.connection.NewTest@25641d39]" started-at="2022-11-01T17:12:50 IST" name="beforemethod" finished-at="2022-11-01T17:12:51 IST" duration-ms="776" status="PASS">
          <reporter-output>
          </reporter-output>
        </test-method> <!-- beforemethod -->
        <test-method is-config="true" signature="afterTest()[pri:0, instance:database.connection.NewTest@25641d39]" started-at="2022-11-01T17:12:51 IST" name="afterTest" finished-at="2022-11-01T17:12:53 IST" duration-ms="2117" status="PASS">
          <reporter-output>
          </reporter-output>
        </test-method> <!-- afterTest -->
      </class> <!-- database.connection.NewTest -->
    </test> <!-- Default test -->
  </suite> <!-- Default suite -->
</testng-results>
