<?xml version="1.0" encoding="UTF-8"?>
<!-- Generated by org.testng.reporters.JUnitXMLReporter -->
<testsuite ignored="0" hostname="VSP-3GPYCL3" failures="0" tests="3" name="Default test" time="0.037" errors="0" timestamp="2022-10-11T16:36:15 IST">
  <testcase classname="TestNgExamples.TS_DataProvider" name="f" time="0.015"/>
  <testcase classname="TestNgExamples.TS_DataProvider" name="f" time="0.0"/>
  <testcase classname="TestNgExamples.TS_DataProvider" name="f" time="0.0"/>
</testsuite> <!-- Default test -->
